2014-09-24 09:10:51,317 - Log4JLogChute initialized using file 'velocity.log'
2014-09-24 09:10:51,317 - Starting Apache Velocity v1.6.3 (compiled: 2009-12-07 15:40:14)
2014-09-24 09:10:51,317 - Default Properties File: org\apache\velocity\runtime\defaults\velocity.properties
2014-09-24 09:10:51,317 - Trying to use logger class org.apache.velocity.runtime.log.AvalonLogChute
2014-09-24 09:10:51,317 - Target log system for org.apache.velocity.runtime.log.AvalonLogChute is not available (java.lang.NoClassDefFoundError: org/apache/log/format/Formatter).  Falling back to next log system...
2014-09-24 09:10:51,317 - Trying to use logger class org.apache.velocity.runtime.log.Log4JLogChute
2014-09-24 09:10:51,317 - Using logger class org.apache.velocity.runtime.log.Log4JLogChute
2014-09-24 09:10:51,332 - ResourceLoader instantiated: org.apache.velocity.runtime.resource.loader.FileResourceLoader
2014-09-24 09:10:51,332 - Do unicode file recognition:  false
2014-09-24 09:10:51,332 - FileResourceLoader : adding path '.'
2014-09-24 09:10:51,332 - ResourceCache: initialized (class org.apache.velocity.runtime.resource.ResourceCacheImpl) with class java.util.Collections$SynchronizedMap cache map.
2014-09-24 09:10:51,348 - Loaded System Directive: org.apache.velocity.runtime.directive.Define
2014-09-24 09:10:51,348 - Loaded System Directive: org.apache.velocity.runtime.directive.Break
2014-09-24 09:10:51,348 - Loaded System Directive: org.apache.velocity.runtime.directive.Evaluate
2014-09-24 09:10:51,348 - Loaded System Directive: org.apache.velocity.runtime.directive.Literal
2014-09-24 09:10:51,348 - Loaded System Directive: org.apache.velocity.runtime.directive.Macro
2014-09-24 09:10:51,348 - Loaded System Directive: org.apache.velocity.runtime.directive.Parse
2014-09-24 09:10:51,348 - Loaded System Directive: org.apache.velocity.runtime.directive.Include
2014-09-24 09:10:51,348 - Loaded System Directive: org.apache.velocity.runtime.directive.Foreach
2014-09-24 09:10:51,379 - Created '20' parsers.
2014-09-24 09:10:51,379 - Velocimacro : "velocimacro.library" is not set.  Trying default library: VM_global_library.vm
2014-09-24 09:10:51,379 - Velocimacro : Default library not found.
2014-09-24 09:10:51,379 - Velocimacro : allowInline = true : VMs can be defined inline in templates
2014-09-24 09:10:51,379 - Velocimacro : allowInlineToOverride = false : VMs defined inline may NOT replace previous VM definitions
2014-09-24 09:10:51,379 - Velocimacro : allowInlineLocal = false : VMs defined inline will be global in scope if allowed.
2014-09-24 09:10:51,379 - Velocimacro : autoload off : VM system will not automatically reload global library macros
2014-09-24 09:10:51,441 - ResourceManager : found code_template/sql.vm with loader org.apache.velocity.runtime.resource.loader.FileResourceLoader
2014-09-24 09:10:51,534 - ResourceManager : found code_template/controller.vm with loader org.apache.velocity.runtime.resource.loader.FileResourceLoader
2014-09-24 09:10:51,596 - ResourceManager : found code_template/detail.vm with loader org.apache.velocity.runtime.resource.loader.FileResourceLoader
2014-09-24 09:10:51,674 - ResourceManager : found code_template/list.vm with loader org.apache.velocity.runtime.resource.loader.FileResourceLoader
2014-09-24 09:10:51,690 - ResourceManager : found code_template/service.vm with loader org.apache.velocity.runtime.resource.loader.FileResourceLoader
2014-09-24 09:10:51,705 - ResourceManager : found code_template/xml.vm with loader org.apache.velocity.runtime.resource.loader.FileResourceLoader
2014-09-24 09:10:51,721 - ResourceManager : found code_template/validate.vm with loader org.apache.velocity.runtime.resource.loader.FileResourceLoader
2014-09-24 09:10:51,736 - ResourceManager : found code_template/upload.vm with loader org.apache.velocity.runtime.resource.loader.FileResourceLoader
2014-09-24 09:10:51,767 - Null reference [template 'code_template/list.vm', line 17, column 25] : ${contextPath} cannot be resolved.
2014-09-24 09:10:51,767 - Null reference [template 'code_template/list.vm', line 34, column 27] : ${contextPath} cannot be resolved.
2014-09-24 09:10:51,767 - Null reference [template 'code_template/list.vm', line 53, column 27] : ${contextPath} cannot be resolved.
2014-09-24 09:10:51,767 - Null reference [template 'code_template/list.vm', line 103, column 16] : ${contextPath} cannot be resolved.
2014-09-24 09:10:51,783 - Null reference [template 'code_template/list.vm', line 148, column 42] : ${CURRENT_MENU_ID} cannot be resolved.
2014-09-24 09:10:51,783 - Null reference [template 'code_template/list.vm', line 150, column 27] : ${contextPath} cannot be resolved.
2014-09-24 09:10:51,783 - Null reference [template 'code_template/list.vm', line 156, column 22] : ${contextPath} cannot be resolved.
2014-09-24 09:10:51,783 - Null reference [template 'code_template/list.vm', line 191, column 79] : ${contextPath} cannot be resolved.
2014-09-24 09:10:51,783 - Null reference [template 'code_template/list.vm', line 243, column 41] : ${contextPath} cannot be resolved.
2014-09-24 09:10:51,783 - Null reference [template 'code_template/list.vm', line 248, column 29] : ${CURRENT_MENU_ID} cannot be resolved.
2014-09-24 09:10:51,783 - Null reference [template 'code_template/list.vm', line 249, column 51] : ${contextPath} cannot be resolved.
2014-09-24 09:10:51,783 - Null reference [template 'code_template/list.vm', line 270, column 23] : ${contextPath} cannot be resolved.
2014-09-24 09:10:51,783 - Null reference [template 'code_template/list.vm', line 302, column 30] : ${contextPath} cannot be resolved.
2014-09-24 09:10:51,783 - Null reference [template 'code_template/list.vm', line 320, column 46] : ${CURRENT_MENU_ID} cannot be resolved.
2014-09-24 09:10:51,783 - Null reference [template 'code_template/list.vm', line 322, column 26] : ${contextPath} cannot be resolved.
2014-09-24 09:10:51,798 - Null reference [template 'code_template/upload.vm', line 27, column 40] : ${contextPath} cannot be resolved.
2014-09-24 09:10:51,829 - Null reference [template 'code_template/list.vm', line 17, column 25] : ${contextPath} cannot be resolved.
2014-09-24 09:10:51,829 - Null reference [template 'code_template/list.vm', line 34, column 27] : ${contextPath} cannot be resolved.
2014-09-24 09:10:51,829 - Null reference [template 'code_template/list.vm', line 53, column 27] : ${contextPath} cannot be resolved.
2014-09-24 09:10:51,829 - Null reference [template 'code_template/list.vm', line 103, column 16] : ${contextPath} cannot be resolved.
2014-09-24 09:10:51,829 - Null reference [template 'code_template/list.vm', line 148, column 42] : ${CURRENT_MENU_ID} cannot be resolved.
2014-09-24 09:10:51,829 - Null reference [template 'code_template/list.vm', line 150, column 27] : ${contextPath} cannot be resolved.
2014-09-24 09:10:51,829 - Null reference [template 'code_template/list.vm', line 156, column 22] : ${contextPath} cannot be resolved.
2014-09-24 09:10:51,829 - Null reference [template 'code_template/list.vm', line 191, column 79] : ${contextPath} cannot be resolved.
2014-09-24 09:10:51,829 - Null reference [template 'code_template/list.vm', line 243, column 41] : ${contextPath} cannot be resolved.
2014-09-24 09:10:51,829 - Null reference [template 'code_template/list.vm', line 248, column 29] : ${CURRENT_MENU_ID} cannot be resolved.
2014-09-24 09:10:51,829 - Null reference [template 'code_template/list.vm', line 249, column 51] : ${contextPath} cannot be resolved.
2014-09-24 09:10:51,829 - Null reference [template 'code_template/list.vm', line 270, column 23] : ${contextPath} cannot be resolved.
2014-09-24 09:10:51,829 - Null reference [template 'code_template/list.vm', line 302, column 30] : ${contextPath} cannot be resolved.
2014-09-24 09:10:51,829 - Null reference [template 'code_template/list.vm', line 320, column 46] : ${CURRENT_MENU_ID} cannot be resolved.
2014-09-24 09:10:51,829 - Null reference [template 'code_template/list.vm', line 322, column 26] : ${contextPath} cannot be resolved.
2014-09-24 09:10:51,845 - Null reference [template 'code_template/upload.vm', line 27, column 40] : ${contextPath} cannot be resolved.
2014-09-24 09:21:06,198 - Log4JLogChute initialized using file 'velocity.log'
2014-09-24 09:21:06,198 - Starting Apache Velocity v1.6.3 (compiled: 2009-12-07 15:40:14)
2014-09-24 09:21:06,198 - Default Properties File: org\apache\velocity\runtime\defaults\velocity.properties
2014-09-24 09:21:06,198 - Trying to use logger class org.apache.velocity.runtime.log.AvalonLogChute
2014-09-24 09:21:06,198 - Target log system for org.apache.velocity.runtime.log.AvalonLogChute is not available (java.lang.NoClassDefFoundError: org/apache/log/format/Formatter).  Falling back to next log system...
2014-09-24 09:21:06,198 - Trying to use logger class org.apache.velocity.runtime.log.Log4JLogChute
2014-09-24 09:21:06,198 - Using logger class org.apache.velocity.runtime.log.Log4JLogChute
2014-09-24 09:21:06,213 - ResourceLoader instantiated: org.apache.velocity.runtime.resource.loader.FileResourceLoader
2014-09-24 09:21:06,213 - Do unicode file recognition:  false
2014-09-24 09:21:06,213 - FileResourceLoader : adding path '.'
2014-09-24 09:21:06,213 - ResourceCache: initialized (class org.apache.velocity.runtime.resource.ResourceCacheImpl) with class java.util.Collections$SynchronizedMap cache map.
2014-09-24 09:21:06,229 - Loaded System Directive: org.apache.velocity.runtime.directive.Define
2014-09-24 09:21:06,229 - Loaded System Directive: org.apache.velocity.runtime.directive.Break
2014-09-24 09:21:06,229 - Loaded System Directive: org.apache.velocity.runtime.directive.Evaluate
2014-09-24 09:21:06,229 - Loaded System Directive: org.apache.velocity.runtime.directive.Literal
2014-09-24 09:21:06,229 - Loaded System Directive: org.apache.velocity.runtime.directive.Macro
2014-09-24 09:21:06,229 - Loaded System Directive: org.apache.velocity.runtime.directive.Parse
2014-09-24 09:21:06,229 - Loaded System Directive: org.apache.velocity.runtime.directive.Include
2014-09-24 09:21:06,229 - Loaded System Directive: org.apache.velocity.runtime.directive.Foreach
2014-09-24 09:21:06,260 - Created '20' parsers.
2014-09-24 09:21:06,260 - Velocimacro : "velocimacro.library" is not set.  Trying default library: VM_global_library.vm
2014-09-24 09:21:06,260 - Velocimacro : Default library not found.
2014-09-24 09:21:06,260 - Velocimacro : allowInline = true : VMs can be defined inline in templates
2014-09-24 09:21:06,260 - Velocimacro : allowInlineToOverride = false : VMs defined inline may NOT replace previous VM definitions
2014-09-24 09:21:06,260 - Velocimacro : allowInlineLocal = false : VMs defined inline will be global in scope if allowed.
2014-09-24 09:21:06,260 - Velocimacro : autoload off : VM system will not automatically reload global library macros
2014-09-24 09:21:06,322 - ResourceManager : found code_template/sql.vm with loader org.apache.velocity.runtime.resource.loader.FileResourceLoader
2014-09-24 09:21:06,399 - ResourceManager : found code_template/controller.vm with loader org.apache.velocity.runtime.resource.loader.FileResourceLoader
2014-09-24 09:21:06,445 - ResourceManager : found code_template/detail.vm with loader org.apache.velocity.runtime.resource.loader.FileResourceLoader
2014-09-24 09:21:06,523 - ResourceManager : found code_template/list.vm with loader org.apache.velocity.runtime.resource.loader.FileResourceLoader
2014-09-24 09:21:06,538 - ResourceManager : found code_template/service.vm with loader org.apache.velocity.runtime.resource.loader.FileResourceLoader
2014-09-24 09:21:06,569 - ResourceManager : found code_template/xml.vm with loader org.apache.velocity.runtime.resource.loader.FileResourceLoader
2014-09-24 09:21:06,569 - ResourceManager : found code_template/validate.vm with loader org.apache.velocity.runtime.resource.loader.FileResourceLoader
2014-09-24 09:21:06,585 - ResourceManager : found code_template/upload.vm with loader org.apache.velocity.runtime.resource.loader.FileResourceLoader
2014-09-24 09:21:06,616 - Null reference [template 'code_template/list.vm', line 17, column 25] : ${contextPath} cannot be resolved.
2014-09-24 09:21:06,616 - Null reference [template 'code_template/list.vm', line 34, column 27] : ${contextPath} cannot be resolved.
2014-09-24 09:21:06,616 - Null reference [template 'code_template/list.vm', line 53, column 27] : ${contextPath} cannot be resolved.
2014-09-24 09:21:06,616 - Null reference [template 'code_template/list.vm', line 103, column 16] : ${contextPath} cannot be resolved.
2014-09-24 09:21:06,631 - Null reference [template 'code_template/list.vm', line 148, column 42] : ${CURRENT_MENU_ID} cannot be resolved.
2014-09-24 09:21:06,631 - Null reference [template 'code_template/list.vm', line 150, column 27] : ${contextPath} cannot be resolved.
2014-09-24 09:21:06,631 - Null reference [template 'code_template/list.vm', line 156, column 22] : ${contextPath} cannot be resolved.
2014-09-24 09:21:06,631 - Null reference [template 'code_template/list.vm', line 191, column 79] : ${contextPath} cannot be resolved.
2014-09-24 09:21:06,631 - Null reference [template 'code_template/list.vm', line 243, column 41] : ${contextPath} cannot be resolved.
2014-09-24 09:21:06,631 - Null reference [template 'code_template/list.vm', line 248, column 29] : ${CURRENT_MENU_ID} cannot be resolved.
2014-09-24 09:21:06,631 - Null reference [template 'code_template/list.vm', line 249, column 51] : ${contextPath} cannot be resolved.
2014-09-24 09:21:06,631 - Null reference [template 'code_template/list.vm', line 270, column 23] : ${contextPath} cannot be resolved.
2014-09-24 09:21:06,631 - Null reference [template 'code_template/list.vm', line 302, column 30] : ${contextPath} cannot be resolved.
2014-09-24 09:21:06,631 - Null reference [template 'code_template/list.vm', line 320, column 46] : ${CURRENT_MENU_ID} cannot be resolved.
2014-09-24 09:21:06,631 - Null reference [template 'code_template/list.vm', line 322, column 26] : ${contextPath} cannot be resolved.
2014-09-24 09:21:06,646 - Null reference [template 'code_template/upload.vm', line 27, column 40] : ${contextPath} cannot be resolved.
2014-09-24 09:21:06,662 - Null reference [template 'code_template/list.vm', line 17, column 25] : ${contextPath} cannot be resolved.
2014-09-24 09:21:06,662 - Null reference [template 'code_template/list.vm', line 34, column 27] : ${contextPath} cannot be resolved.
2014-09-24 09:21:06,662 - Null reference [template 'code_template/list.vm', line 53, column 27] : ${contextPath} cannot be resolved.
2014-09-24 09:21:06,662 - Null reference [template 'code_template/list.vm', line 103, column 16] : ${contextPath} cannot be resolved.
2014-09-24 09:21:06,662 - Null reference [template 'code_template/list.vm', line 148, column 42] : ${CURRENT_MENU_ID} cannot be resolved.
2014-09-24 09:21:06,662 - Null reference [template 'code_template/list.vm', line 150, column 27] : ${contextPath} cannot be resolved.
2014-09-24 09:21:06,662 - Null reference [template 'code_template/list.vm', line 156, column 22] : ${contextPath} cannot be resolved.
2014-09-24 09:21:06,662 - Null reference [template 'code_template/list.vm', line 191, column 79] : ${contextPath} cannot be resolved.
2014-09-24 09:21:06,662 - Null reference [template 'code_template/list.vm', line 243, column 41] : ${contextPath} cannot be resolved.
2014-09-24 09:21:06,662 - Null reference [template 'code_template/list.vm', line 248, column 29] : ${CURRENT_MENU_ID} cannot be resolved.
2014-09-24 09:21:06,662 - Null reference [template 'code_template/list.vm', line 249, column 51] : ${contextPath} cannot be resolved.
2014-09-24 09:21:06,662 - Null reference [template 'code_template/list.vm', line 270, column 23] : ${contextPath} cannot be resolved.
2014-09-24 09:21:06,662 - Null reference [template 'code_template/list.vm', line 302, column 30] : ${contextPath} cannot be resolved.
2014-09-24 09:21:06,662 - Null reference [template 'code_template/list.vm', line 320, column 46] : ${CURRENT_MENU_ID} cannot be resolved.
2014-09-24 09:21:06,662 - Null reference [template 'code_template/list.vm', line 322, column 26] : ${contextPath} cannot be resolved.
2014-09-24 09:21:06,677 - Null reference [template 'code_template/upload.vm', line 27, column 40] : ${contextPath} cannot be resolved.
2014-09-24 09:21:06,693 - Null reference [template 'code_template/list.vm', line 17, column 25] : ${contextPath} cannot be resolved.
2014-09-24 09:21:06,693 - Null reference [template 'code_template/list.vm', line 34, column 27] : ${contextPath} cannot be resolved.
2014-09-24 09:21:06,693 - Null reference [template 'code_template/list.vm', line 53, column 27] : ${contextPath} cannot be resolved.
2014-09-24 09:21:06,693 - Null reference [template 'code_template/list.vm', line 103, column 16] : ${contextPath} cannot be resolved.
2014-09-24 09:21:06,708 - Null reference [template 'code_template/list.vm', line 148, column 42] : ${CURRENT_MENU_ID} cannot be resolved.
2014-09-24 09:21:06,708 - Null reference [template 'code_template/list.vm', line 150, column 27] : ${contextPath} cannot be resolved.
2014-09-24 09:21:06,708 - Null reference [template 'code_template/list.vm', line 156, column 22] : ${contextPath} cannot be resolved.
2014-09-24 09:21:06,708 - Null reference [template 'code_template/list.vm', line 191, column 79] : ${contextPath} cannot be resolved.
2014-09-24 09:21:06,708 - Null reference [template 'code_template/list.vm', line 243, column 41] : ${contextPath} cannot be resolved.
2014-09-24 09:21:06,708 - Null reference [template 'code_template/list.vm', line 248, column 29] : ${CURRENT_MENU_ID} cannot be resolved.
2014-09-24 09:21:06,708 - Null reference [template 'code_template/list.vm', line 249, column 51] : ${contextPath} cannot be resolved.
2014-09-24 09:21:06,708 - Null reference [template 'code_template/list.vm', line 270, column 23] : ${contextPath} cannot be resolved.
2014-09-24 09:21:06,708 - Null reference [template 'code_template/list.vm', line 302, column 30] : ${contextPath} cannot be resolved.
2014-09-24 09:21:06,708 - Null reference [template 'code_template/list.vm', line 320, column 46] : ${CURRENT_MENU_ID} cannot be resolved.
2014-09-24 09:21:06,708 - Null reference [template 'code_template/list.vm', line 322, column 26] : ${contextPath} cannot be resolved.
2014-09-24 09:21:06,708 - Null reference [template 'code_template/upload.vm', line 27, column 40] : ${contextPath} cannot be resolved.
2014-09-24 09:21:06,724 - Null reference [template 'code_template/list.vm', line 17, column 25] : ${contextPath} cannot be resolved.
2014-09-24 09:21:06,724 - Null reference [template 'code_template/list.vm', line 34, column 27] : ${contextPath} cannot be resolved.
2014-09-24 09:21:06,724 - Null reference [template 'code_template/list.vm', line 53, column 27] : ${contextPath} cannot be resolved.
2014-09-24 09:21:06,724 - Null reference [template 'code_template/list.vm', line 103, column 16] : ${contextPath} cannot be resolved.
2014-09-24 09:21:06,724 - Null reference [template 'code_template/list.vm', line 148, column 42] : ${CURRENT_MENU_ID} cannot be resolved.
2014-09-24 09:21:06,724 - Null reference [template 'code_template/list.vm', line 150, column 27] : ${contextPath} cannot be resolved.
2014-09-24 09:21:06,724 - Null reference [template 'code_template/list.vm', line 156, column 22] : ${contextPath} cannot be resolved.
2014-09-24 09:21:06,724 - Null reference [template 'code_template/list.vm', line 191, column 79] : ${contextPath} cannot be resolved.
2014-09-24 09:21:06,724 - Null reference [template 'code_template/list.vm', line 243, column 41] : ${contextPath} cannot be resolved.
2014-09-24 09:21:06,724 - Null reference [template 'code_template/list.vm', line 248, column 29] : ${CURRENT_MENU_ID} cannot be resolved.
2014-09-24 09:21:06,724 - Null reference [template 'code_template/list.vm', line 249, column 51] : ${contextPath} cannot be resolved.
2014-09-24 09:21:06,724 - Null reference [template 'code_template/list.vm', line 270, column 23] : ${contextPath} cannot be resolved.
2014-09-24 09:21:06,724 - Null reference [template 'code_template/list.vm', line 302, column 30] : ${contextPath} cannot be resolved.
2014-09-24 09:21:06,724 - Null reference [template 'code_template/list.vm', line 320, column 46] : ${CURRENT_MENU_ID} cannot be resolved.
2014-09-24 09:21:06,724 - Null reference [template 'code_template/list.vm', line 322, column 26] : ${contextPath} cannot be resolved.
2014-09-24 09:21:06,739 - Null reference [template 'code_template/upload.vm', line 27, column 40] : ${contextPath} cannot be resolved.
2014-09-24 09:21:06,755 - Null reference [template 'code_template/list.vm', line 17, column 25] : ${contextPath} cannot be resolved.
2014-09-24 09:21:06,755 - Null reference [template 'code_template/list.vm', line 34, column 27] : ${contextPath} cannot be resolved.
2014-09-24 09:21:06,755 - Null reference [template 'code_template/list.vm', line 53, column 27] : ${contextPath} cannot be resolved.
2014-09-24 09:21:06,755 - Null reference [template 'code_template/list.vm', line 103, column 16] : ${contextPath} cannot be resolved.
2014-09-24 09:21:06,755 - Null reference [template 'code_template/list.vm', line 148, column 42] : ${CURRENT_MENU_ID} cannot be resolved.
2014-09-24 09:21:06,755 - Null reference [template 'code_template/list.vm', line 150, column 27] : ${contextPath} cannot be resolved.
2014-09-24 09:21:06,755 - Null reference [template 'code_template/list.vm', line 156, column 22] : ${contextPath} cannot be resolved.
2014-09-24 09:21:06,755 - Null reference [template 'code_template/list.vm', line 191, column 79] : ${contextPath} cannot be resolved.
2014-09-24 09:21:06,755 - Null reference [template 'code_template/list.vm', line 243, column 41] : ${contextPath} cannot be resolved.
2014-09-24 09:21:06,755 - Null reference [template 'code_template/list.vm', line 248, column 29] : ${CURRENT_MENU_ID} cannot be resolved.
2014-09-24 09:21:06,755 - Null reference [template 'code_template/list.vm', line 249, column 51] : ${contextPath} cannot be resolved.
2014-09-24 09:21:06,755 - Null reference [template 'code_template/list.vm', line 270, column 23] : ${contextPath} cannot be resolved.
2014-09-24 09:21:06,755 - Null reference [template 'code_template/list.vm', line 302, column 30] : ${contextPath} cannot be resolved.
2014-09-24 09:21:06,755 - Null reference [template 'code_template/list.vm', line 320, column 46] : ${CURRENT_MENU_ID} cannot be resolved.
2014-09-24 09:21:06,755 - Null reference [template 'code_template/list.vm', line 322, column 26] : ${contextPath} cannot be resolved.
2014-09-24 09:21:06,770 - Null reference [template 'code_template/upload.vm', line 27, column 40] : ${contextPath} cannot be resolved.
2014-09-24 09:33:21,193 - Log4JLogChute initialized using file 'velocity.log'
2014-09-24 09:33:21,193 - Starting Apache Velocity v1.6.3 (compiled: 2009-12-07 15:40:14)
2014-09-24 09:33:21,193 - Default Properties File: org\apache\velocity\runtime\defaults\velocity.properties
2014-09-24 09:33:21,193 - Trying to use logger class org.apache.velocity.runtime.log.AvalonLogChute
2014-09-24 09:33:21,193 - Target log system for org.apache.velocity.runtime.log.AvalonLogChute is not available (java.lang.NoClassDefFoundError: org/apache/log/format/Formatter).  Falling back to next log system...
2014-09-24 09:33:21,193 - Trying to use logger class org.apache.velocity.runtime.log.Log4JLogChute
2014-09-24 09:33:21,193 - Using logger class org.apache.velocity.runtime.log.Log4JLogChute
2014-09-24 09:33:21,208 - ResourceLoader instantiated: org.apache.velocity.runtime.resource.loader.FileResourceLoader
2014-09-24 09:33:21,208 - Do unicode file recognition:  false
2014-09-24 09:33:21,208 - FileResourceLoader : adding path '.'
2014-09-24 09:33:21,224 - ResourceCache: initialized (class org.apache.velocity.runtime.resource.ResourceCacheImpl) with class java.util.Collections$SynchronizedMap cache map.
2014-09-24 09:33:21,224 - Loaded System Directive: org.apache.velocity.runtime.directive.Define
2014-09-24 09:33:21,224 - Loaded System Directive: org.apache.velocity.runtime.directive.Break
2014-09-24 09:33:21,224 - Loaded System Directive: org.apache.velocity.runtime.directive.Evaluate
2014-09-24 09:33:21,224 - Loaded System Directive: org.apache.velocity.runtime.directive.Literal
2014-09-24 09:33:21,224 - Loaded System Directive: org.apache.velocity.runtime.directive.Macro
2014-09-24 09:33:21,224 - Loaded System Directive: org.apache.velocity.runtime.directive.Parse
2014-09-24 09:33:21,224 - Loaded System Directive: org.apache.velocity.runtime.directive.Include
2014-09-24 09:33:21,224 - Loaded System Directive: org.apache.velocity.runtime.directive.Foreach
2014-09-24 09:33:21,254 - Created '20' parsers.
2014-09-24 09:33:21,285 - Velocimacro : "velocimacro.library" is not set.  Trying default library: VM_global_library.vm
2014-09-24 09:33:21,285 - Velocimacro : Default library not found.
2014-09-24 09:33:21,285 - Velocimacro : allowInline = true : VMs can be defined inline in templates
2014-09-24 09:33:21,285 - Velocimacro : allowInlineToOverride = false : VMs defined inline may NOT replace previous VM definitions
2014-09-24 09:33:21,285 - Velocimacro : allowInlineLocal = false : VMs defined inline will be global in scope if allowed.
2014-09-24 09:33:21,285 - Velocimacro : autoload off : VM system will not automatically reload global library macros
2014-09-24 09:33:21,330 - ResourceManager : found code_template/sql.vm with loader org.apache.velocity.runtime.resource.loader.FileResourceLoader
2014-09-24 09:33:21,407 - ResourceManager : found code_template/controller.vm with loader org.apache.velocity.runtime.resource.loader.FileResourceLoader
2014-09-24 09:33:21,468 - ResourceManager : found code_template/detail.vm with loader org.apache.velocity.runtime.resource.loader.FileResourceLoader
2014-09-24 09:33:21,529 - ResourceManager : found code_template/list.vm with loader org.apache.velocity.runtime.resource.loader.FileResourceLoader
2014-09-24 09:33:21,559 - ResourceManager : found code_template/service.vm with loader org.apache.velocity.runtime.resource.loader.FileResourceLoader
2014-09-24 09:33:21,574 - ResourceManager : found code_template/xml.vm with loader org.apache.velocity.runtime.resource.loader.FileResourceLoader
2014-09-24 09:33:21,590 - ResourceManager : found code_template/validate.vm with loader org.apache.velocity.runtime.resource.loader.FileResourceLoader
2014-09-24 09:33:21,590 - ResourceManager : found code_template/upload.vm with loader org.apache.velocity.runtime.resource.loader.FileResourceLoader
2014-09-24 09:33:21,620 - Null reference [template 'code_template/list.vm', line 17, column 25] : ${contextPath} cannot be resolved.
2014-09-24 09:33:21,620 - Null reference [template 'code_template/list.vm', line 34, column 27] : ${contextPath} cannot be resolved.
2014-09-24 09:33:21,620 - Null reference [template 'code_template/list.vm', line 53, column 27] : ${contextPath} cannot be resolved.
2014-09-24 09:33:21,620 - Null reference [template 'code_template/list.vm', line 103, column 16] : ${contextPath} cannot be resolved.
2014-09-24 09:33:21,635 - Null reference [template 'code_template/list.vm', line 148, column 42] : ${CURRENT_MENU_ID} cannot be resolved.
2014-09-24 09:33:21,635 - Null reference [template 'code_template/list.vm', line 150, column 27] : ${contextPath} cannot be resolved.
2014-09-24 09:33:21,635 - Null reference [template 'code_template/list.vm', line 156, column 22] : ${contextPath} cannot be resolved.
2014-09-24 09:33:21,635 - Null reference [template 'code_template/list.vm', line 191, column 79] : ${contextPath} cannot be resolved.
2014-09-24 09:33:21,635 - Null reference [template 'code_template/list.vm', line 243, column 41] : ${contextPath} cannot be resolved.
2014-09-24 09:33:21,635 - Null reference [template 'code_template/list.vm', line 248, column 29] : ${CURRENT_MENU_ID} cannot be resolved.
2014-09-24 09:33:21,635 - Null reference [template 'code_template/list.vm', line 249, column 51] : ${contextPath} cannot be resolved.
2014-09-24 09:33:21,635 - Null reference [template 'code_template/list.vm', line 270, column 23] : ${contextPath} cannot be resolved.
2014-09-24 09:33:21,635 - Null reference [template 'code_template/list.vm', line 302, column 30] : ${contextPath} cannot be resolved.
2014-09-24 09:33:21,635 - Null reference [template 'code_template/list.vm', line 320, column 46] : ${CURRENT_MENU_ID} cannot be resolved.
2014-09-24 09:33:21,635 - Null reference [template 'code_template/list.vm', line 322, column 26] : ${contextPath} cannot be resolved.
2014-09-24 09:33:21,650 - Null reference [template 'code_template/upload.vm', line 27, column 40] : ${contextPath} cannot be resolved.
2014-09-24 18:58:21,553 - Log4JLogChute initialized using file 'velocity.log'
2014-09-24 18:58:21,568 - Starting Apache Velocity v1.6.3 (compiled: 2009-12-07 15:40:14)
2014-09-24 18:58:21,568 - Default Properties File: org\apache\velocity\runtime\defaults\velocity.properties
2014-09-24 18:58:21,568 - Trying to use logger class org.apache.velocity.runtime.log.AvalonLogChute
2014-09-24 18:58:21,568 - Target log system for org.apache.velocity.runtime.log.AvalonLogChute is not available (java.lang.NoClassDefFoundError: org/apache/log/format/Formatter).  Falling back to next log system...
2014-09-24 18:58:21,568 - Trying to use logger class org.apache.velocity.runtime.log.Log4JLogChute
2014-09-24 18:58:21,568 - Using logger class org.apache.velocity.runtime.log.Log4JLogChute
2014-09-24 18:58:21,584 - ResourceLoader instantiated: org.apache.velocity.runtime.resource.loader.FileResourceLoader
2014-09-24 18:58:21,584 - Do unicode file recognition:  false
2014-09-24 18:58:21,584 - FileResourceLoader : adding path '.'
2014-09-24 18:58:21,599 - ResourceCache: initialized (class org.apache.velocity.runtime.resource.ResourceCacheImpl) with class java.util.Collections$SynchronizedMap cache map.
2014-09-24 18:58:21,599 - Loaded System Directive: org.apache.velocity.runtime.directive.Define
2014-09-24 18:58:21,599 - Loaded System Directive: org.apache.velocity.runtime.directive.Break
2014-09-24 18:58:21,599 - Loaded System Directive: org.apache.velocity.runtime.directive.Evaluate
2014-09-24 18:58:21,599 - Loaded System Directive: org.apache.velocity.runtime.directive.Literal
2014-09-24 18:58:21,615 - Loaded System Directive: org.apache.velocity.runtime.directive.Macro
2014-09-24 18:58:21,615 - Loaded System Directive: org.apache.velocity.runtime.directive.Parse
2014-09-24 18:58:21,615 - Loaded System Directive: org.apache.velocity.runtime.directive.Include
2014-09-24 18:58:21,615 - Loaded System Directive: org.apache.velocity.runtime.directive.Foreach
2014-09-24 18:58:21,646 - Created '20' parsers.
2014-09-24 18:58:21,662 - Velocimacro : "velocimacro.library" is not set.  Trying default library: VM_global_library.vm
2014-09-24 18:58:21,662 - Velocimacro : Default library not found.
2014-09-24 18:58:21,662 - Velocimacro : allowInline = true : VMs can be defined inline in templates
2014-09-24 18:58:21,662 - Velocimacro : allowInlineToOverride = false : VMs defined inline may NOT replace previous VM definitions
2014-09-24 18:58:21,662 - Velocimacro : allowInlineLocal = false : VMs defined inline will be global in scope if allowed.
2014-09-24 18:58:21,662 - Velocimacro : autoload off : VM system will not automatically reload global library macros
2014-09-24 18:58:21,771 - ResourceManager : found code_template/sql.vm with loader org.apache.velocity.runtime.resource.loader.FileResourceLoader
2014-09-24 18:58:21,880 - ResourceManager : found code_template/controller.vm with loader org.apache.velocity.runtime.resource.loader.FileResourceLoader
2014-09-24 18:58:21,958 - ResourceManager : found code_template/detail.vm with loader org.apache.velocity.runtime.resource.loader.FileResourceLoader
2014-09-24 18:58:22,051 - ResourceManager : found code_template/list.vm with loader org.apache.velocity.runtime.resource.loader.FileResourceLoader
2014-09-24 18:58:22,082 - ResourceManager : found code_template/service.vm with loader org.apache.velocity.runtime.resource.loader.FileResourceLoader
2014-09-24 18:58:22,145 - ResourceManager : found code_template/xml.vm with loader org.apache.velocity.runtime.resource.loader.FileResourceLoader
2014-09-24 18:58:22,160 - ResourceManager : found code_template/validate.vm with loader org.apache.velocity.runtime.resource.loader.FileResourceLoader
2014-09-24 18:58:22,176 - ResourceManager : found code_template/upload.vm with loader org.apache.velocity.runtime.resource.loader.FileResourceLoader
2014-09-24 18:58:22,269 - Null reference [template 'code_template/list.vm', line 17, column 25] : ${contextPath} cannot be resolved.
2014-09-24 18:58:22,269 - Null reference [template 'code_template/list.vm', line 34, column 27] : ${contextPath} cannot be resolved.
2014-09-24 18:58:22,269 - Null reference [template 'code_template/list.vm', line 53, column 27] : ${contextPath} cannot be resolved.
2014-09-24 18:58:22,269 - Null reference [template 'code_template/list.vm', line 103, column 16] : ${contextPath} cannot be resolved.
2014-09-24 18:58:22,269 - Null reference [template 'code_template/list.vm', line 148, column 42] : ${CURRENT_MENU_ID} cannot be resolved.
2014-09-24 18:58:22,269 - Null reference [template 'code_template/list.vm', line 150, column 27] : ${contextPath} cannot be resolved.
2014-09-24 18:58:22,269 - Null reference [template 'code_template/list.vm', line 156, column 22] : ${contextPath} cannot be resolved.
2014-09-24 18:58:22,269 - Null reference [template 'code_template/list.vm', line 191, column 79] : ${contextPath} cannot be resolved.
2014-09-24 18:58:22,269 - Null reference [template 'code_template/list.vm', line 243, column 41] : ${contextPath} cannot be resolved.
2014-09-24 18:58:22,269 - Null reference [template 'code_template/list.vm', line 248, column 29] : ${CURRENT_MENU_ID} cannot be resolved.
2014-09-24 18:58:22,269 - Null reference [template 'code_template/list.vm', line 249, column 51] : ${contextPath} cannot be resolved.
2014-09-24 18:58:22,269 - Null reference [template 'code_template/list.vm', line 270, column 23] : ${contextPath} cannot be resolved.
2014-09-24 18:58:22,269 - Null reference [template 'code_template/list.vm', line 302, column 30] : ${contextPath} cannot be resolved.
2014-09-24 18:58:22,269 - Null reference [template 'code_template/list.vm', line 320, column 46] : ${CURRENT_MENU_ID} cannot be resolved.
2014-09-24 18:58:22,269 - Null reference [template 'code_template/list.vm', line 322, column 26] : ${contextPath} cannot be resolved.
2014-09-24 18:58:22,285 - Null reference [template 'code_template/upload.vm', line 27, column 40] : ${contextPath} cannot be resolved.
2014-09-24 18:58:22,316 - Null reference [template 'code_template/list.vm', line 17, column 25] : ${contextPath} cannot be resolved.
2014-09-24 18:58:22,316 - Null reference [template 'code_template/list.vm', line 34, column 27] : ${contextPath} cannot be resolved.
2014-09-24 18:58:22,316 - Null reference [template 'code_template/list.vm', line 53, column 27] : ${contextPath} cannot be resolved.
2014-09-24 18:58:22,316 - Null reference [template 'code_template/list.vm', line 103, column 16] : ${contextPath} cannot be resolved.
2014-09-24 18:58:22,316 - Null reference [template 'code_template/list.vm', line 148, column 42] : ${CURRENT_MENU_ID} cannot be resolved.
2014-09-24 18:58:22,316 - Null reference [template 'code_template/list.vm', line 150, column 27] : ${contextPath} cannot be resolved.
2014-09-24 18:58:22,316 - Null reference [template 'code_template/list.vm', line 156, column 22] : ${contextPath} cannot be resolved.
2014-09-24 18:58:22,316 - Null reference [template 'code_template/list.vm', line 191, column 79] : ${contextPath} cannot be resolved.
2014-09-24 18:58:22,316 - Null reference [template 'code_template/list.vm', line 243, column 41] : ${contextPath} cannot be resolved.
2014-09-24 18:58:22,316 - Null reference [template 'code_template/list.vm', line 248, column 29] : ${CURRENT_MENU_ID} cannot be resolved.
2014-09-24 18:58:22,316 - Null reference [template 'code_template/list.vm', line 249, column 51] : ${contextPath} cannot be resolved.
2014-09-24 18:58:22,316 - Null reference [template 'code_template/list.vm', line 270, column 23] : ${contextPath} cannot be resolved.
2014-09-24 18:58:22,316 - Null reference [template 'code_template/list.vm', line 302, column 30] : ${contextPath} cannot be resolved.
2014-09-24 18:58:22,316 - Null reference [template 'code_template/list.vm', line 320, column 46] : ${CURRENT_MENU_ID} cannot be resolved.
2014-09-24 18:58:22,316 - Null reference [template 'code_template/list.vm', line 322, column 26] : ${contextPath} cannot be resolved.
2014-09-24 18:58:22,316 - Null reference [template 'code_template/upload.vm', line 27, column 40] : ${contextPath} cannot be resolved.
2014-09-24 19:01:55,382 - Log4JLogChute initialized using file 'velocity.log'
2014-09-24 19:01:55,382 - Starting Apache Velocity v1.6.3 (compiled: 2009-12-07 15:40:14)
2014-09-24 19:01:55,382 - Default Properties File: org\apache\velocity\runtime\defaults\velocity.properties
2014-09-24 19:01:55,382 - Trying to use logger class org.apache.velocity.runtime.log.AvalonLogChute
2014-09-24 19:01:55,382 - Target log system for org.apache.velocity.runtime.log.AvalonLogChute is not available (java.lang.NoClassDefFoundError: org/apache/log/format/Formatter).  Falling back to next log system...
2014-09-24 19:01:55,382 - Trying to use logger class org.apache.velocity.runtime.log.Log4JLogChute
2014-09-24 19:01:55,382 - Using logger class org.apache.velocity.runtime.log.Log4JLogChute
2014-09-24 19:01:55,382 - ResourceLoader instantiated: org.apache.velocity.runtime.resource.loader.FileResourceLoader
2014-09-24 19:01:55,382 - Do unicode file recognition:  false
2014-09-24 19:01:55,382 - FileResourceLoader : adding path '.'
2014-09-24 19:01:55,397 - ResourceCache: initialized (class org.apache.velocity.runtime.resource.ResourceCacheImpl) with class java.util.Collections$SynchronizedMap cache map.
2014-09-24 19:01:55,397 - Loaded System Directive: org.apache.velocity.runtime.directive.Define
2014-09-24 19:01:55,397 - Loaded System Directive: org.apache.velocity.runtime.directive.Break
2014-09-24 19:01:55,397 - Loaded System Directive: org.apache.velocity.runtime.directive.Evaluate
2014-09-24 19:01:55,397 - Loaded System Directive: org.apache.velocity.runtime.directive.Literal
2014-09-24 19:01:55,397 - Loaded System Directive: org.apache.velocity.runtime.directive.Macro
2014-09-24 19:01:55,413 - Loaded System Directive: org.apache.velocity.runtime.directive.Parse
2014-09-24 19:01:55,413 - Loaded System Directive: org.apache.velocity.runtime.directive.Include
2014-09-24 19:01:55,413 - Loaded System Directive: org.apache.velocity.runtime.directive.Foreach
2014-09-24 19:01:55,444 - Created '20' parsers.
2014-09-24 19:01:55,444 - Velocimacro : "velocimacro.library" is not set.  Trying default library: VM_global_library.vm
2014-09-24 19:01:55,444 - Velocimacro : Default library not found.
2014-09-24 19:01:55,444 - Velocimacro : allowInline = true : VMs can be defined inline in templates
2014-09-24 19:01:55,444 - Velocimacro : allowInlineToOverride = false : VMs defined inline may NOT replace previous VM definitions
2014-09-24 19:01:55,444 - Velocimacro : allowInlineLocal = false : VMs defined inline will be global in scope if allowed.
2014-09-24 19:01:55,444 - Velocimacro : autoload off : VM system will not automatically reload global library macros
2014-09-24 19:01:55,506 - ResourceManager : found code_template/sql.vm with loader org.apache.velocity.runtime.resource.loader.FileResourceLoader
2014-09-24 19:01:55,584 - ResourceManager : found code_template/controller.vm with loader org.apache.velocity.runtime.resource.loader.FileResourceLoader
2014-09-24 19:01:55,646 - ResourceManager : found code_template/detail.vm with loader org.apache.velocity.runtime.resource.loader.FileResourceLoader
2014-09-24 19:01:55,724 - ResourceManager : found code_template/list.vm with loader org.apache.velocity.runtime.resource.loader.FileResourceLoader
2014-09-24 19:01:55,740 - ResourceManager : found code_template/service.vm with loader org.apache.velocity.runtime.resource.loader.FileResourceLoader
2014-09-24 19:01:55,771 - ResourceManager : found code_template/xml.vm with loader org.apache.velocity.runtime.resource.loader.FileResourceLoader
2014-09-24 19:01:55,787 - ResourceManager : found code_template/validate.vm with loader org.apache.velocity.runtime.resource.loader.FileResourceLoader
2014-09-24 19:01:55,787 - ResourceManager : found code_template/upload.vm with loader org.apache.velocity.runtime.resource.loader.FileResourceLoader
2014-09-24 19:01:55,833 - Null reference [template 'code_template/list.vm', line 17, column 25] : ${contextPath} cannot be resolved.
2014-09-24 19:01:55,833 - Null reference [template 'code_template/list.vm', line 34, column 27] : ${contextPath} cannot be resolved.
2014-09-24 19:01:55,833 - Null reference [template 'code_template/list.vm', line 53, column 27] : ${contextPath} cannot be resolved.
2014-09-24 19:01:55,833 - Null reference [template 'code_template/list.vm', line 103, column 16] : ${contextPath} cannot be resolved.
2014-09-24 19:01:55,833 - Null reference [template 'code_template/list.vm', line 148, column 42] : ${CURRENT_MENU_ID} cannot be resolved.
2014-09-24 19:01:55,833 - Null reference [template 'code_template/list.vm', line 150, column 27] : ${contextPath} cannot be resolved.
2014-09-24 19:01:55,833 - Null reference [template 'code_template/list.vm', line 156, column 22] : ${contextPath} cannot be resolved.
2014-09-24 19:01:55,833 - Null reference [template 'code_template/list.vm', line 191, column 79] : ${contextPath} cannot be resolved.
2014-09-24 19:01:55,833 - Null reference [template 'code_template/list.vm', line 243, column 41] : ${contextPath} cannot be resolved.
2014-09-24 19:01:55,833 - Null reference [template 'code_template/list.vm', line 248, column 29] : ${CURRENT_MENU_ID} cannot be resolved.
2014-09-24 19:01:55,833 - Null reference [template 'code_template/list.vm', line 249, column 51] : ${contextPath} cannot be resolved.
2014-09-24 19:01:55,833 - Null reference [template 'code_template/list.vm', line 270, column 23] : ${contextPath} cannot be resolved.
2014-09-24 19:01:55,833 - Null reference [template 'code_template/list.vm', line 302, column 30] : ${contextPath} cannot be resolved.
2014-09-24 19:01:55,833 - Null reference [template 'code_template/list.vm', line 320, column 46] : ${CURRENT_MENU_ID} cannot be resolved.
2014-09-24 19:01:55,833 - Null reference [template 'code_template/list.vm', line 322, column 26] : ${contextPath} cannot be resolved.
2014-09-24 19:01:55,865 - Null reference [template 'code_template/upload.vm', line 27, column 40] : ${contextPath} cannot be resolved.
2014-09-25 09:57:14,361 - Log4JLogChute initialized using file 'velocity.log'
2014-09-25 09:57:14,361 - Starting Apache Velocity v1.6.3 (compiled: 2009-12-07 15:40:14)
2014-09-25 09:57:14,361 - Default Properties File: org\apache\velocity\runtime\defaults\velocity.properties
2014-09-25 09:57:14,361 - Trying to use logger class org.apache.velocity.runtime.log.AvalonLogChute
2014-09-25 09:57:14,361 - Target log system for org.apache.velocity.runtime.log.AvalonLogChute is not available (java.lang.NoClassDefFoundError: org/apache/log/format/Formatter).  Falling back to next log system...
2014-09-25 09:57:14,361 - Trying to use logger class org.apache.velocity.runtime.log.Log4JLogChute
2014-09-25 09:57:14,361 - Using logger class org.apache.velocity.runtime.log.Log4JLogChute
2014-09-25 09:57:14,377 - ResourceLoader instantiated: org.apache.velocity.runtime.resource.loader.FileResourceLoader
2014-09-25 09:57:14,377 - Do unicode file recognition:  false
2014-09-25 09:57:14,377 - FileResourceLoader : adding path '.'
2014-09-25 09:57:14,393 - ResourceCache: initialized (class org.apache.velocity.runtime.resource.ResourceCacheImpl) with class java.util.Collections$SynchronizedMap cache map.
2014-09-25 09:57:14,393 - Loaded System Directive: org.apache.velocity.runtime.directive.Define
2014-09-25 09:57:14,393 - Loaded System Directive: org.apache.velocity.runtime.directive.Break
2014-09-25 09:57:14,393 - Loaded System Directive: org.apache.velocity.runtime.directive.Evaluate
2014-09-25 09:57:14,393 - Loaded System Directive: org.apache.velocity.runtime.directive.Literal
2014-09-25 09:57:14,393 - Loaded System Directive: org.apache.velocity.runtime.directive.Macro
2014-09-25 09:57:14,408 - Loaded System Directive: org.apache.velocity.runtime.directive.Parse
2014-09-25 09:57:14,408 - Loaded System Directive: org.apache.velocity.runtime.directive.Include
2014-09-25 09:57:14,408 - Loaded System Directive: org.apache.velocity.runtime.directive.Foreach
2014-09-25 09:57:14,455 - Created '20' parsers.
2014-09-25 09:57:14,471 - Velocimacro : "velocimacro.library" is not set.  Trying default library: VM_global_library.vm
2014-09-25 09:57:14,471 - Velocimacro : Default library not found.
2014-09-25 09:57:14,471 - Velocimacro : allowInline = true : VMs can be defined inline in templates
2014-09-25 09:57:14,471 - Velocimacro : allowInlineToOverride = false : VMs defined inline may NOT replace previous VM definitions
2014-09-25 09:57:14,471 - Velocimacro : allowInlineLocal = false : VMs defined inline will be global in scope if allowed.
2014-09-25 09:57:14,471 - Velocimacro : autoload off : VM system will not automatically reload global library macros
2014-09-25 09:57:14,564 - ResourceManager : found code_template/sql.vm with loader org.apache.velocity.runtime.resource.loader.FileResourceLoader
2014-09-25 09:57:14,658 - ResourceManager : found code_template/controller.vm with loader org.apache.velocity.runtime.resource.loader.FileResourceLoader
2014-09-25 09:57:14,720 - ResourceManager : found code_template/detail.vm with loader org.apache.velocity.runtime.resource.loader.FileResourceLoader
2014-09-25 09:57:14,798 - ResourceManager : found code_template/list.vm with loader org.apache.velocity.runtime.resource.loader.FileResourceLoader
2014-09-25 09:57:14,814 - ResourceManager : found code_template/service.vm with loader org.apache.velocity.runtime.resource.loader.FileResourceLoader
2014-09-25 09:57:14,845 - ResourceManager : found code_template/xml.vm with loader org.apache.velocity.runtime.resource.loader.FileResourceLoader
2014-09-25 09:57:14,861 - ResourceManager : found code_template/validate.vm with loader org.apache.velocity.runtime.resource.loader.FileResourceLoader
2014-09-25 09:57:14,861 - ResourceManager : found code_template/upload.vm with loader org.apache.velocity.runtime.resource.loader.FileResourceLoader
2014-09-25 09:57:14,908 - Null reference [template 'code_template/list.vm', line 17, column 25] : ${contextPath} cannot be resolved.
2014-09-25 09:57:14,908 - Null reference [template 'code_template/list.vm', line 34, column 27] : ${contextPath} cannot be resolved.
2014-09-25 09:57:14,908 - Null reference [template 'code_template/list.vm', line 53, column 27] : ${contextPath} cannot be resolved.
2014-09-25 09:57:14,908 - Null reference [template 'code_template/list.vm', line 103, column 16] : ${contextPath} cannot be resolved.
2014-09-25 09:57:14,923 - Null reference [template 'code_template/list.vm', line 148, column 42] : ${CURRENT_MENU_ID} cannot be resolved.
2014-09-25 09:57:14,923 - Null reference [template 'code_template/list.vm', line 150, column 27] : ${contextPath} cannot be resolved.
2014-09-25 09:57:14,923 - Null reference [template 'code_template/list.vm', line 156, column 22] : ${contextPath} cannot be resolved.
2014-09-25 09:57:14,923 - Null reference [template 'code_template/list.vm', line 191, column 79] : ${contextPath} cannot be resolved.
2014-09-25 09:57:14,923 - Null reference [template 'code_template/list.vm', line 243, column 41] : ${contextPath} cannot be resolved.
2014-09-25 09:57:14,923 - Null reference [template 'code_template/list.vm', line 248, column 29] : ${CURRENT_MENU_ID} cannot be resolved.
2014-09-25 09:57:14,923 - Null reference [template 'code_template/list.vm', line 249, column 51] : ${contextPath} cannot be resolved.
2014-09-25 09:57:14,923 - Null reference [template 'code_template/list.vm', line 270, column 23] : ${contextPath} cannot be resolved.
2014-09-25 09:57:14,923 - Null reference [template 'code_template/list.vm', line 302, column 30] : ${contextPath} cannot be resolved.
2014-09-25 09:57:14,923 - Null reference [template 'code_template/list.vm', line 320, column 46] : ${CURRENT_MENU_ID} cannot be resolved.
2014-09-25 09:57:14,923 - Null reference [template 'code_template/list.vm', line 322, column 26] : ${contextPath} cannot be resolved.
2014-09-25 09:57:14,939 - Null reference [template 'code_template/upload.vm', line 27, column 40] : ${contextPath} cannot be resolved.
